C:\USERS\LENOVO\DESKTOP\CLDA\DEBUG\CLDA.EXE
C:\USERS\LENOVO\DESKTOP\CLDA\DEBUG\CLDA.ILK
C:\USERS\LENOVO\DESKTOP\CLDA\DEBUG\CLDA.PDB
C:\Users\lenovo\Desktop\cLDA\LDA\Debug\cl.command.1.tlog
C:\Users\lenovo\Desktop\cLDA\LDA\Debug\CL.read.1.tlog
C:\Users\lenovo\Desktop\cLDA\LDA\Debug\CL.write.1.tlog
C:\USERS\LENOVO\DESKTOP\CLDA\LDA\DEBUG\CLDA.EXE.EMBED.MANIFEST
C:\USERS\LENOVO\DESKTOP\CLDA\LDA\DEBUG\CLDA.EXE.EMBED.MANIFEST.RES
C:\USERS\LENOVO\DESKTOP\CLDA\LDA\DEBUG\CLDA.EXE.INTERMEDIATE.MANIFEST
C:\Users\lenovo\Desktop\cLDA\LDA\Debug\cLDA.write.1.tlog
C:\Users\lenovo\Desktop\cLDA\LDA\Debug\cLDA_manifest.rc
C:\USERS\LENOVO\DESKTOP\CLDA\LDA\DEBUG\DATASET.OBJ
C:\USERS\LENOVO\DESKTOP\CLDA\LDA\DEBUG\LDA.OBJ
C:\Users\lenovo\Desktop\cLDA\LDA\Debug\LDA.vcxprojResolveAssemblyReference.cache
C:\Users\lenovo\Desktop\cLDA\LDA\Debug\link.1012.read.1.tlog
C:\Users\lenovo\Desktop\cLDA\LDA\Debug\link.1012.write.1.tlog
C:\Users\lenovo\Desktop\cLDA\LDA\Debug\link.1012-cvtres.read.1.tlog
C:\Users\lenovo\Desktop\cLDA\LDA\Debug\link.1012-cvtres.write.1.tlog
C:\Users\lenovo\Desktop\cLDA\LDA\Debug\link.2240.read.1.tlog
C:\Users\lenovo\Desktop\cLDA\LDA\Debug\link.2240.write.1.tlog
C:\Users\lenovo\Desktop\cLDA\LDA\Debug\link.2240-cvtres.read.1.tlog
C:\Users\lenovo\Desktop\cLDA\LDA\Debug\link.2240-cvtres.write.1.tlog
C:\Users\lenovo\Desktop\cLDA\LDA\Debug\link.7396.read.1.tlog
C:\Users\lenovo\Desktop\cLDA\LDA\Debug\link.7396.write.1.tlog
C:\Users\lenovo\Desktop\cLDA\LDA\Debug\link.7396-cvtres.read.1.tlog
C:\Users\lenovo\Desktop\cLDA\LDA\Debug\link.7396-cvtres.write.1.tlog
C:\Users\lenovo\Desktop\cLDA\LDA\Debug\link.7476.read.1.tlog
C:\Users\lenovo\Desktop\cLDA\LDA\Debug\link.7476.write.1.tlog
C:\Users\lenovo\Desktop\cLDA\LDA\Debug\link.7476-cvtres.read.1.tlog
C:\Users\lenovo\Desktop\cLDA\LDA\Debug\link.7476-cvtres.write.1.tlog
C:\Users\lenovo\Desktop\cLDA\LDA\Debug\link.command.1.tlog
C:\Users\lenovo\Desktop\cLDA\LDA\Debug\link.read.1.tlog
C:\Users\lenovo\Desktop\cLDA\LDA\Debug\link.write.1.tlog
C:\Users\lenovo\Desktop\cLDA\LDA\Debug\link-cvtres.read.1.tlog
C:\Users\lenovo\Desktop\cLDA\LDA\Debug\link-cvtres.write.1.tlog
C:\USERS\LENOVO\DESKTOP\CLDA\LDA\DEBUG\MODEL.OBJ
C:\Users\lenovo\Desktop\cLDA\LDA\Debug\mt.command.1.tlog
C:\Users\lenovo\Desktop\cLDA\LDA\Debug\mt.read.1.tlog
C:\Users\lenovo\Desktop\cLDA\LDA\Debug\mt.write.1.tlog
C:\Users\lenovo\Desktop\cLDA\LDA\Debug\rc.command.1.tlog
C:\Users\lenovo\Desktop\cLDA\LDA\Debug\rc.read.1.tlog
C:\Users\lenovo\Desktop\cLDA\LDA\Debug\rc.write.1.tlog
C:\USERS\LENOVO\DESKTOP\CLDA\LDA\DEBUG\STRTOKENIZER.OBJ
C:\USERS\LENOVO\DESKTOP\CLDA\LDA\DEBUG\UTILS.OBJ
C:\Users\lenovo\Desktop\cLDA\LDA\Debug\vc100.idb
C:\USERS\LENOVO\DESKTOP\CLDA\LDA\DEBUG\VC100.PDB
