C:\USERS\LENOVO\DESKTOP\CLDA\DEBUG\LDA.EXE
C:\USERS\LENOVO\DESKTOP\CLDA\DEBUG\LDA.ILK
C:\USERS\LENOVO\DESKTOP\CLDA\DEBUG\LDA.PDB
C:\Users\lenovo\Desktop\cLDA\LDA\Debug\cl.command.1.tlog
C:\Users\lenovo\Desktop\cLDA\LDA\Debug\CL.read.1.tlog
C:\Users\lenovo\Desktop\cLDA\LDA\Debug\CL.write.1.tlog
C:\USERS\LENOVO\DESKTOP\CLDA\LDA\DEBUG\DATASET.OBJ
C:\Users\lenovo\Desktop\cLDA\LDA\Debug\LDA.exe.embed.manifest
C:\USERS\LENOVO\DESKTOP\CLDA\LDA\DEBUG\LDA.EXE.EMBED.MANIFEST.RES
C:\USERS\LENOVO\DESKTOP\CLDA\LDA\DEBUG\LDA.EXE.INTERMEDIATE.MANIFEST
C:\USERS\LENOVO\DESKTOP\CLDA\LDA\DEBUG\LDA.OBJ
C:\Users\lenovo\Desktop\cLDA\LDA\Debug\LDA.vcxprojResolveAssemblyReference.cache
C:\Users\lenovo\Desktop\cLDA\LDA\Debug\LDA.write.1.tlog
C:\Users\lenovo\Desktop\cLDA\LDA\Debug\LDA_manifest.rc
C:\Users\lenovo\Desktop\cLDA\LDA\Debug\link.1064.read.1.tlog
C:\Users\lenovo\Desktop\cLDA\LDA\Debug\link.1064.write.1.tlog
C:\Users\lenovo\Desktop\cLDA\LDA\Debug\link.1064-cvtres.read.1.tlog
C:\Users\lenovo\Desktop\cLDA\LDA\Debug\link.1064-cvtres.write.1.tlog
C:\Users\lenovo\Desktop\cLDA\LDA\Debug\link.3248.read.1.tlog
C:\Users\lenovo\Desktop\cLDA\LDA\Debug\link.3248.write.1.tlog
C:\Users\lenovo\Desktop\cLDA\LDA\Debug\link.3248-cvtres.read.1.tlog
C:\Users\lenovo\Desktop\cLDA\LDA\Debug\link.3248-cvtres.write.1.tlog
C:\Users\lenovo\Desktop\cLDA\LDA\Debug\link.6764.read.1.tlog
C:\Users\lenovo\Desktop\cLDA\LDA\Debug\link.6764.write.1.tlog
C:\Users\lenovo\Desktop\cLDA\LDA\Debug\link.6764-cvtres.read.1.tlog
C:\Users\lenovo\Desktop\cLDA\LDA\Debug\link.6764-cvtres.write.1.tlog
C:\Users\lenovo\Desktop\cLDA\LDA\Debug\link.7840.read.1.tlog
C:\Users\lenovo\Desktop\cLDA\LDA\Debug\link.7840.write.1.tlog
C:\Users\lenovo\Desktop\cLDA\LDA\Debug\link.7840-cvtres.read.1.tlog
C:\Users\lenovo\Desktop\cLDA\LDA\Debug\link.7840-cvtres.write.1.tlog
C:\Users\lenovo\Desktop\cLDA\LDA\Debug\link.command.1.tlog
C:\Users\lenovo\Desktop\cLDA\LDA\Debug\link.read.1.tlog
C:\Users\lenovo\Desktop\cLDA\LDA\Debug\link.write.1.tlog
C:\Users\lenovo\Desktop\cLDA\LDA\Debug\link-cvtres.read.1.tlog
C:\Users\lenovo\Desktop\cLDA\LDA\Debug\link-cvtres.write.1.tlog
C:\USERS\LENOVO\DESKTOP\CLDA\LDA\DEBUG\MODEL.OBJ
C:\Users\lenovo\Desktop\cLDA\LDA\Debug\mt.command.1.tlog
C:\Users\lenovo\Desktop\cLDA\LDA\Debug\mt.read.1.tlog
C:\Users\lenovo\Desktop\cLDA\LDA\Debug\mt.write.1.tlog
C:\Users\lenovo\Desktop\cLDA\LDA\Debug\rc.command.1.tlog
C:\Users\lenovo\Desktop\cLDA\LDA\Debug\rc.read.1.tlog
C:\Users\lenovo\Desktop\cLDA\LDA\Debug\rc.write.1.tlog
C:\USERS\LENOVO\DESKTOP\CLDA\LDA\DEBUG\STRTOKENIZER.OBJ
C:\USERS\LENOVO\DESKTOP\CLDA\LDA\DEBUG\UTILS.OBJ
C:\Users\lenovo\Desktop\cLDA\LDA\Debug\vc100.idb
C:\USERS\LENOVO\DESKTOP\CLDA\LDA\DEBUG\VC100.PDB
C:\USERS\LENOVO\DESKTOP\LDA\DEBUG\LDA.EXE
C:\USERS\LENOVO\DESKTOP\LDA\DEBUG\LDA.ILK
C:\USERS\LENOVO\DESKTOP\LDA\DEBUG\LDA.PDB
C:\USERS\LENOVO\DESKTOP\LDA\LDA\DEBUG\DATASET.OBJ
C:\USERS\LENOVO\DESKTOP\LDA\LDA\DEBUG\LDA.EXE.EMBED.MANIFEST
C:\USERS\LENOVO\DESKTOP\LDA\LDA\DEBUG\LDA.EXE.EMBED.MANIFEST.RES
C:\USERS\LENOVO\DESKTOP\LDA\LDA\DEBUG\LDA.EXE.INTERMEDIATE.MANIFEST
C:\USERS\LENOVO\DESKTOP\LDA\LDA\DEBUG\LDA.OBJ
C:\USERS\LENOVO\DESKTOP\LDA\LDA\DEBUG\MODEL.OBJ
C:\USERS\LENOVO\DESKTOP\LDA\LDA\DEBUG\STRTOKENIZER.OBJ
C:\USERS\LENOVO\DESKTOP\LDA\LDA\DEBUG\UTILS.OBJ
C:\USERS\LENOVO\DESKTOP\LDA\LDA\DEBUG\VC100.PDB
